<?xml version="1.0" encoding="UTF-8"?>
<!-- Generated by org.testng.reporters.JUnitXMLReporter -->
<testsuite ignored="0" hostname="LTIN189629" failures="0" tests="15" name="Default test" time="3.751" errors="0" timestamp="2024-02-27T23:20:22 IST">
  <testcase classname="testBase.BaseClass" name="@BeforeTest setUp" time="-1.709056218341E9">
    <failure type="org.testng.TestNGException" message="
Parameter &amp;apos;browser&amp;apos; is required by BeforeTest on method setUp but has not been marked @Optional or defined
in C:\Users\2303914\AppData\Local\Temp\7\testng-eclipse-104202673\testng-customsuite.xml">
      <![CDATA[org.testng.TestNGException: 
Parameter 'browser' is required by BeforeTest on method setUp but has not been marked @Optional or defined
in C:\Users\2303914\AppData\Local\Temp\7\testng-eclipse-104202673\testng-customsuite.xml
at org.testng.internal.Parameters.createParams(Parameters.java:267)
at org.testng.internal.Parameters.createParametersForMethod(Parameters.java:355)
at org.testng.internal.Parameters.createParameters(Parameters.java:693)
at org.testng.internal.Parameters.createConfigurationParameters(Parameters.java:166)
at org.testng.internal.invokers.ConfigInvoker.invokeConfigurations(ConfigInvoker.java:306)
at org.testng.TestRunner.invokeTestConfigurations(TestRunner.java:661)
at org.testng.TestRunner.beforeRun(TestRunner.java:650)
at org.testng.TestRunner.run(TestRunner.java:612)
at org.testng.SuiteRunner.runTest(SuiteRunner.java:443)
at org.testng.SuiteRunner.runSequentially(SuiteRunner.java:437)
at org.testng.SuiteRunner.privateRun(SuiteRunner.java:397)
at org.testng.SuiteRunner.run(SuiteRunner.java:336)
at org.testng.SuiteRunnerWorker.runSuite(SuiteRunnerWorker.java:52)
at org.testng.SuiteRunnerWorker.run(SuiteRunnerWorker.java:95)
at org.testng.TestNG.runSuitesSequentially(TestNG.java:1301)
at org.testng.TestNG.runSuitesLocally(TestNG.java:1228)
at org.testng.TestNG.runSuites(TestNG.java:1134)
at org.testng.TestNG.run(TestNG.java:1101)
at org.testng.remote.AbstractRemoteTestNG.run(AbstractRemoteTestNG.java:115)
at org.testng.remote.RemoteTestNG.initAndRun(RemoteTestNG.java:251)
at org.testng.remote.RemoteTestNG.main(RemoteTestNG.java:77)
]]>
    </failure>
  </testcase> <!-- @BeforeTest setUp -->
  <testcase classname="testBase.BaseClass" name="@AfterTest tearDown" time="0.0">
    <skipped/>
  </testcase> <!-- @AfterTest tearDown -->
  <testcase classname="testCase.TC_003_ReadyToTransformTest" name="verify_coursera_page" time="0.0">
    <skipped/>
  </testcase> <!-- verify_coursera_page -->
  <testcase classname="testCase.TC_003_ReadyToTransformTest" name="verify_enterprise_page" time="0.0">
    <skipped/>
  </testcase> <!-- verify_enterprise_page -->
  <testcase classname="testCase.TC_003_ReadyToTransformTest" name="verify_products" time="0.0">
    <skipped/>
  </testcase> <!-- verify_products -->
  <testcase classname="testCase.TC_003_ReadyToTransformTest" name="validate_campus_page" time="0.001">
    <skipped/>
  </testcase> <!-- validate_campus_page -->
  <testcase classname="testCase.TC_003_ReadyToTransformTest" name="validate_first_name" time="0.0">
    <skipped/>
  </testcase> <!-- validate_first_name -->
  <testcase classname="testCase.TC_003_ReadyToTransformTest" name="validate_last_name" time="0.0">
    <skipped/>
  </testcase> <!-- validate_last_name -->
  <testcase classname="testCase.TC_003_ReadyToTransformTest" name="validate_institution_type" time="0.0">
    <skipped/>
  </testcase> <!-- validate_institution_type -->
  <testcase classname="testCase.TC_003_ReadyToTransformTest" name="validate_institution_name" time="0.0">
    <skipped/>
  </testcase> <!-- validate_institution_name -->
  <testcase classname="testCase.TC_003_ReadyToTransformTest" name="validate_job_role" time="0.0">
    <skipped/>
  </testcase> <!-- validate_job_role -->
  <testcase classname="testCase.TC_003_ReadyToTransformTest" name="validate_department" time="0.0">
    <skipped/>
  </testcase> <!-- validate_department -->
  <testcase classname="testCase.TC_003_ReadyToTransformTest" name="validate_description" time="0.0">
    <skipped/>
  </testcase> <!-- validate_description -->
  <testcase classname="testCase.TC_003_ReadyToTransformTest" name="validate_country" time="0.0">
    <skipped/>
  </testcase> <!-- validate_country -->
  <testcase classname="testCase.TC_003_ReadyToTransformTest" name="validate_input" time="0.0">
    <skipped/>
  </testcase> <!-- validate_input -->
  <testcase classname="testCase.TC_003_ReadyToTransformTest" name="validate_input" time="0.0">
    <skipped/>
  </testcase> <!-- validate_input -->
  <testcase classname="testCase.TC_003_ReadyToTransformTest" name="validate_input" time="0.0">
    <skipped/>
  </testcase> <!-- validate_input -->
</testsuite> <!-- Default test -->
